<?xml version="1.0" encoding="UTF-8"?>
<testng-results skipped="0" failed="0" ignored="0" total="1" passed="1">
  <reporter-output>
  </reporter-output>
  <suite name="Default suite" duration-ms="19097" started-at="2020-08-31T06:38:07Z" finished-at="2020-08-31T06:38:26Z">
    <groups>
    </groups>
    <test name="Default test" duration-ms="19097" started-at="2020-08-31T06:38:07Z" finished-at="2020-08-31T06:38:26Z">
      <class name="Frameworks.DataDrivenFramework.FirstAutomateProgram">
        <test-method status="PASS" signature="initialization()[pri:0, instance:Frameworks.DataDrivenFramework.FirstAutomateProgram@48ae9b55]" name="initialization" is-config="true" duration-ms="7923" started-at="2020-08-31T12:08:07Z" finished-at="2020-08-31T12:08:15Z">
          <reporter-output>
          </reporter-output>
        </test-method> <!-- initialization -->
        <test-method status="PASS" signature="SalesforceLoginLogout()[pri:0, instance:Frameworks.DataDrivenFramework.FirstAutomateProgram@48ae9b55]" name="SalesforceLoginLogout" duration-ms="11130" started-at="2020-08-31T12:08:15Z" finished-at="2020-08-31T12:08:26Z">
          <reporter-output>
          </reporter-output>
        </test-method> <!-- SalesforceLoginLogout -->
      </class> <!-- Frameworks.DataDrivenFramework.FirstAutomateProgram -->
    </test> <!-- Default test -->
  </suite> <!-- Default suite -->
</testng-results>
