<?xml version="1.0" encoding="UTF-8"?>
<testng-results skipped="0" failed="0" ignored="0" total="1" passed="1">
  <reporter-output>
  </reporter-output>
  <suite name="Default suite" duration-ms="32150" started-at="2020-09-03T04:31:04Z" finished-at="2020-09-03T04:31:36Z">
    <groups>
    </groups>
    <test name="Default test" duration-ms="32150" started-at="2020-09-03T04:31:04Z" finished-at="2020-09-03T04:31:36Z">
      <class name="Frameworks.DataDrivenFramework.FirstAutomateProgram">
        <test-method status="PASS" signature="initialization()[pri:0, instance:Frameworks.DataDrivenFramework.FirstAutomateProgram@7a69b07]" name="initialization" is-config="true" duration-ms="5896" started-at="2020-09-03T10:01:04Z" finished-at="2020-09-03T10:01:10Z">
          <reporter-output>
          </reporter-output>
        </test-method> <!-- initialization -->
        <test-method status="PASS" signature="SalesforceLoginLogout()[pri:0, instance:Frameworks.DataDrivenFramework.FirstAutomateProgram@7a69b07]" name="SalesforceLoginLogout" duration-ms="26233" started-at="2020-09-03T10:01:10Z" finished-at="2020-09-03T10:01:36Z">
          <reporter-output>
          </reporter-output>
        </test-method> <!-- SalesforceLoginLogout -->
      </class> <!-- Frameworks.DataDrivenFramework.FirstAutomateProgram -->
    </test> <!-- Default test -->
  </suite> <!-- Default suite -->
</testng-results>
